{"/Users/eli/Desktop/JEST_UNIT_TEST/first/src/app/utils.ts": {"path":"/Users/eli/Desktop/JEST_UNIT_TEST/first/src/app/utils.ts","statementMap":{"0":{"start":{"line":3,"column":8},"end":{"line":5,"column":null}},"1":{"start":{"line":4,"column":12},"end":{"line":4,"column":49}},"2":{"start":{"line":6,"column":8},"end":{"line":6,"column":33}},"3":{"start":{"line":1,"column":0},"end":{"line":1,"column":13}}},"fnMap":{"0":{"name":"(anonymous_0)","decl":{"start":{"line":2,"column":11},"end":{"line":2,"column":22}},"loc":{"start":{"line":2,"column":34},"end":{"line":7,"column":5}}}},"branchMap":{"0":{"loc":{"start":{"line":3,"column":8},"end":{"line":5,"column":null}},"type":"if","locations":[{"start":{"line":3,"column":8},"end":{"line":5,"column":null}}]},"1":{"loc":{"start":{"line":3,"column":12},"end":{"line":3,"column":54}},"type":"binary-expr","locations":[{"start":{"line":3,"column":12},"end":{"line":3,"column":35}},{"start":{"line":3,"column":39},"end":{"line":3,"column":54}}]}},"s":{"0":1,"1":1,"2":0,"3":1},"f":{"0":1},"b":{"0":[1],"1":[1,1]}}
}
